{"uuid":"24625530-6059-4f82-bde5-4333d8e0fc9f","historyId":"48022d6fa35de45dcf9b0a127d9adee0","fullName":"TestPcTabletCategory_RandomFilterSelection.testPcTabletCategory_RandomFilterSelection","labels":[{"name":"package","value":"TestPcTabletCategory_RandomFilterSelection"},{"name":"testClass","value":"TestPcTabletCategory_RandomFilterSelection"},{"name":"testMethod","value":"testPcTabletCategory_RandomFilterSelection"},{"name":"parentSuite","value":"Default Suite"},{"name":"suite","value":"TurkcellPasajTest"},{"name":"subSuite","value":"TestPcTabletCategory_RandomFilterSelection"},{"name":"host","value":"NTS5CG0488VTN"},{"name":"thread","value":"20344@NTS5CG0488VTN.main(1)"},{"name":"framework","value":"testng"},{"name":"language","value":"java"},{"name":"story","value":"Go to Pc-Tablet category select a brand then verify product names and quantity"},{"name":"feature","value":"Filter Test"},{"name":"epic","value":"E2E Tests"},{"name":"severity","value":"critical"}],"links":[],"name":"Check product names and quantity after filter.","status":"failed","statusDetails":{"known":false,"muted":false,"flaky":false,"message":"expected [13] but found [0]","trace":"java.lang.AssertionError: expected [13] but found [0]\r\n\tat org.testng.Assert.fail(Assert.java:96)\r\n\tat org.testng.Assert.failNotEquals(Assert.java:776)\r\n\tat org.testng.Assert.assertEqualsImpl(Assert.java:137)\r\n\tat org.testng.Assert.assertEquals(Assert.java:118)\r\n\tat org.testng.Assert.assertEquals(Assert.java:453)\r\n\tat org.testng.Assert.assertEquals(Assert.java:463)\r\n\tat base.BasePage.isTextsEquals(BasePage.java:76)\r\n\tat pages.PcTabletCategoryBrandPage.verifyQuantityOfProductsAfterFilter(PcTabletCategoryBrandPage.java:73)\r\n\tat TestPcTabletCategory_RandomFilterSelection.testPcTabletCategory_RandomFilterSelection(TestPcTabletCategory_RandomFilterSelection.java:38)\r\n\tat sun.reflect.NativeMethodAccessorImpl.invoke0(Native Method)\r\n\tat sun.reflect.NativeMethodAccessorImpl.invoke(NativeMethodAccessorImpl.java:62)\r\n\tat sun.reflect.DelegatingMethodAccessorImpl.invoke(DelegatingMethodAccessorImpl.java:43)\r\n\tat java.lang.reflect.Method.invoke(Method.java:498)\r\n\tat org.testng.internal.MethodInvocationHelper.invokeMethod(MethodInvocationHelper.java:124)\r\n\tat org.testng.internal.Invoker.invokeMethod(Invoker.java:583)\r\n\tat org.testng.internal.Invoker.invokeTestMethod(Invoker.java:719)\r\n\tat org.testng.internal.Invoker.invokeTestMethods(Invoker.java:989)\r\n\tat org.testng.internal.TestMethodWorker.invokeTestMethods(TestMethodWorker.java:125)\r\n\tat org.testng.internal.TestMethodWorker.run(TestMethodWorker.java:109)\r\n\tat org.testng.TestRunner.privateRun(TestRunner.java:648)\r\n\tat org.testng.TestRunner.run(TestRunner.java:505)\r\n\tat org.testng.SuiteRunner.runTest(SuiteRunner.java:455)\r\n\tat org.testng.SuiteRunner.runSequentially(SuiteRunner.java:450)\r\n\tat org.testng.SuiteRunner.privateRun(SuiteRunner.java:415)\r\n\tat org.testng.SuiteRunner.run(SuiteRunner.java:364)\r\n\tat org.testng.SuiteRunnerWorker.runSuite(SuiteRunnerWorker.java:52)\r\n\tat org.testng.SuiteRunnerWorker.run(SuiteRunnerWorker.java:84)\r\n\tat org.testng.TestNG.runSuitesSequentially(TestNG.java:1208)\r\n\tat org.testng.TestNG.runSuitesLocally(TestNG.java:1137)\r\n\tat org.testng.TestNG.runSuites(TestNG.java:1049)\r\n\tat org.testng.TestNG.run(TestNG.java:1017)\r\n\tat com.intellij.rt.testng.IDEARemoteTestNG.run(IDEARemoteTestNG.java:66)\r\n\tat com.intellij.rt.testng.RemoteTestNGStarter.main(RemoteTestNGStarter.java:105)\r\n"},"stage":"finished","description":"Test Description: Filter test.","steps":[{"name":"Open TurkcellPasaj Step...","status":"passed","stage":"finished","steps":[],"attachments":[],"parameters":[],"start":1692610462558,"stop":1692610464934},{"name":"Click to 'Pc-Tablet' category Step...","status":"passed","stage":"finished","steps":[],"attachments":[],"parameters":[],"start":1692610465033,"stop":1692610466020},{"name":"Scroll down until brand container is visible Step...","status":"passed","stage":"finished","steps":[],"attachments":[],"parameters":[],"start":1692610466047,"stop":1692610466198},{"name":"Write brand name in search box Step...","status":"passed","stage":"finished","steps":[],"attachments":[],"parameters":[{"name":"text","value":"alcatel"}],"start":1692610466213,"stop":1692610466464},{"name":"Get brand name Step...","status":"passed","stage":"finished","steps":[],"attachments":[],"parameters":[],"start":1692610466474,"stop":1692610466536},{"name":"Get product quantity of brand Step...","status":"passed","stage":"finished","steps":[],"attachments":[],"parameters":[],"start":1692610466543,"stop":1692610466600},{"name":"Choose brand filter Step...","status":"passed","stage":"finished","steps":[],"attachments":[],"parameters":[],"start":1692610466609,"stop":1692610470158},{"name":"Wait until all products are visible Step...","status":"passed","stage":"finished","steps":[],"attachments":[],"parameters":[],"start":1692610470189,"stop":1692610470409},{"name":"Add product web elements to a list Step...","status":"passed","stage":"finished","steps":[],"attachments":[],"parameters":[],"start":1692610470416,"stop":1692610470492},{"name":"Verify product names after filter on Step...","status":"passed","stage":"finished","steps":[{"name":"Add product web elements to a list Step...","status":"passed","stage":"finished","steps":[],"attachments":[],"parameters":[],"start":1692610470500,"stop":1692610470562},{"name":"Add product web elements to a list Step...","status":"passed","stage":"finished","steps":[],"attachments":[],"parameters":[],"start":1692610470562,"stop":1692610470629}],"attachments":[],"parameters":[{"name":"name","value":"Alcatel"}],"start":1692610470500,"stop":1692610470629},{"name":"Verify product quantity after filter on Step...","status":"failed","statusDetails":{"known":false,"muted":false,"flaky":false,"message":"expected [13] but found [0]","trace":"java.lang.AssertionError: expected [13] but found [0]\r\n\tat org.testng.Assert.fail(Assert.java:96)\r\n\tat org.testng.Assert.failNotEquals(Assert.java:776)\r\n\tat org.testng.Assert.assertEqualsImpl(Assert.java:137)\r\n\tat org.testng.Assert.assertEquals(Assert.java:118)\r\n\tat org.testng.Assert.assertEquals(Assert.java:453)\r\n\tat org.testng.Assert.assertEquals(Assert.java:463)\r\n\tat base.BasePage.isTextsEquals(BasePage.java:76)\r\n\tat pages.PcTabletCategoryBrandPage.verifyQuantityOfProductsAfterFilter(PcTabletCategoryBrandPage.java:73)\r\n\tat TestPcTabletCategory_RandomFilterSelection.testPcTabletCategory_RandomFilterSelection(TestPcTabletCategory_RandomFilterSelection.java:38)\r\n\tat sun.reflect.NativeMethodAccessorImpl.invoke0(Native Method)\r\n\tat sun.reflect.NativeMethodAccessorImpl.invoke(NativeMethodAccessorImpl.java:62)\r\n\tat sun.reflect.DelegatingMethodAccessorImpl.invoke(DelegatingMethodAccessorImpl.java:43)\r\n\tat java.lang.reflect.Method.invoke(Method.java:498)\r\n\tat org.testng.internal.MethodInvocationHelper.invokeMethod(MethodInvocationHelper.java:124)\r\n\tat org.testng.internal.Invoker.invokeMethod(Invoker.java:583)\r\n\tat org.testng.internal.Invoker.invokeTestMethod(Invoker.java:719)\r\n\tat org.testng.internal.Invoker.invokeTestMethods(Invoker.java:989)\r\n\tat org.testng.internal.TestMethodWorker.invokeTestMethods(TestMethodWorker.java:125)\r\n\tat org.testng.internal.TestMethodWorker.run(TestMethodWorker.java:109)\r\n\tat org.testng.TestRunner.privateRun(TestRunner.java:648)\r\n\tat org.testng.TestRunner.run(TestRunner.java:505)\r\n\tat org.testng.SuiteRunner.runTest(SuiteRunner.java:455)\r\n\tat org.testng.SuiteRunner.runSequentially(SuiteRunner.java:450)\r\n\tat org.testng.SuiteRunner.privateRun(SuiteRunner.java:415)\r\n\tat org.testng.SuiteRunner.run(SuiteRunner.java:364)\r\n\tat org.testng.SuiteRunnerWorker.runSuite(SuiteRunnerWorker.java:52)\r\n\tat org.testng.SuiteRunnerWorker.run(SuiteRunnerWorker.java:84)\r\n\tat org.testng.TestNG.runSuitesSequentially(TestNG.java:1208)\r\n\tat org.testng.TestNG.runSuitesLocally(TestNG.java:1137)\r\n\tat org.testng.TestNG.runSuites(TestNG.java:1049)\r\n\tat org.testng.TestNG.run(TestNG.java:1017)\r\n\tat com.intellij.rt.testng.IDEARemoteTestNG.run(IDEARemoteTestNG.java:66)\r\n\tat com.intellij.rt.testng.RemoteTestNGStarter.main(RemoteTestNGStarter.java:105)\r\n"},"stage":"finished","steps":[{"name":"Add product web elements to a list Step...","status":"passed","stage":"finished","steps":[],"attachments":[],"parameters":[],"start":1692610470638,"stop":1692610470704}],"attachments":[],"parameters":[{"name":"quantity","value":"13"}],"start":1692610470638,"stop":1692610470717}],"attachments":[{"name":"testPcTabletCategory_RandomFilterSelection failed and screenshot taken!","source":"1b43bae2-59f7-488a-9e3a-1bc4fed48b73-attachment","type":"text/plain"}],"parameters":[],"start":1692610462433,"stop":1692610470776}