{"uuid":"b6d62b01-239b-427b-bbeb-ccc3705f9e04","historyId":"5c7c89f28518c15371452d311dbbf2d5","fullName":"sepetim.TC002_TestFirstProductOfBestDealsList_isProductInBasketAfterLogin.testFirstProductOfBestDeals_isProductInBasketAfterLogin","labels":[{"name":"package","value":"sepetim.TC002_TestFirstProductOfBestDealsList_isProductInBasketAfterLogin"},{"name":"testClass","value":"sepetim.TC002_TestFirstProductOfBestDealsList_isProductInBasketAfterLogin"},{"name":"testMethod","value":"testFirstProductOfBestDeals_isProductInBasketAfterLogin"},{"name":"parentSuite","value":"Regression Suite"},{"name":"suite","value":"Turkcell Pasaj Tests"},{"name":"subSuite","value":"sepetim.TC002_TestFirstProductOfBestDealsList_isProductInBasketAfterLogin"},{"name":"host","value":"NTS5CG0488VTN"},{"name":"thread","value":"22860@NTS5CG0488VTN.TestNG-test=Turkcell Pasaj Tests-3(15)"},{"name":"framework","value":"testng"},{"name":"language","value":"java"},{"name":"story","value":"Check basket after add to basket process with login test"},{"name":"feature","value":"Add to Basket Test"},{"name":"epic","value":"Mini Regression Tests"},{"name":"severity","value":"critical"}],"links":[],"name":"Add to basket first product of best deals list then login and check basket for product is in the basket.","status":"broken","statusDetails":{"known":false,"muted":false,"flaky":false,"message":"Expected condition failed: waiting for visibility of Proxy element for: DefaultElementLocator 'By.cssSelector: [class='m-basket-card basket-line-item '] [class='m-basket-card__title']' (tried for 10 second(s) with 500 milliseconds interval)","trace":"org.openqa.selenium.TimeoutException: Expected condition failed: waiting for visibility of Proxy element for: DefaultElementLocator 'By.cssSelector: [class='m-basket-card basket-line-item '] [class='m-basket-card__title']' (tried for 10 second(s) with 500 milliseconds interval)\r\n\tat org.openqa.selenium.support.ui.WebDriverWait.timeoutException(WebDriverWait.java:95)\r\n\tat org.openqa.selenium.support.ui.FluentWait.until(FluentWait.java:272)\r\n\tat base.BasePage.isElementVisible(BasePage.java:91)\r\n\tat pages.MyBasketPage.waitUntilMyBasketPageVisible(MyBasketPage.java:32)\r\n\tat sepetim.TC002_TestFirstProductOfBestDealsList_isProductInBasketAfterLogin.testFirstProductOfBestDeals_isProductInBasketAfterLogin(TC002_TestFirstProductOfBestDealsList_isProductInBasketAfterLogin.java:40)\r\n\tat sun.reflect.NativeMethodAccessorImpl.invoke0(Native Method)\r\n\tat sun.reflect.NativeMethodAccessorImpl.invoke(NativeMethodAccessorImpl.java:62)\r\n\tat sun.reflect.DelegatingMethodAccessorImpl.invoke(DelegatingMethodAccessorImpl.java:43)\r\n\tat java.lang.reflect.Method.invoke(Method.java:498)\r\n\tat org.testng.internal.MethodInvocationHelper.invokeMethod(MethodInvocationHelper.java:124)\r\n\tat org.testng.internal.Invoker.invokeMethod(Invoker.java:583)\r\n\tat org.testng.internal.Invoker.invokeTestMethod(Invoker.java:719)\r\n\tat org.testng.internal.Invoker.invokeTestMethods(Invoker.java:989)\r\n\tat org.testng.internal.TestMethodWorker.invokeTestMethods(TestMethodWorker.java:125)\r\n\tat org.testng.internal.TestMethodWorker.run(TestMethodWorker.java:109)\r\n\tat java.util.concurrent.ThreadPoolExecutor.runWorker(ThreadPoolExecutor.java:1149)\r\n\tat java.util.concurrent.ThreadPoolExecutor$Worker.run(ThreadPoolExecutor.java:624)\r\n\tat java.lang.Thread.run(Thread.java:750)\r\nCaused by: org.openqa.selenium.NoSuchElementException: no such element: Unable to locate element: {\"method\":\"css selector\",\"selector\":\"[class='m-basket-card basket-line-item '] [class='m-basket-card__title']\"}\n  (Session info: chrome=116.0.5845.97)\nFor documentation on this error, please visit: https://www.seleniumhq.org/exceptions/no_such_element.html\nBuild info: version: '3.141.59', revision: 'e82be7d358', time: '2018-11-14T08:17:03'\nSystem info: host: 'NTS5CG0488VTN', ip: '10.22.99.207', os.name: 'Windows 10', os.arch: 'amd64', os.version: '10.0', java.version: '1.8.0_371'\nDriver info: org.openqa.selenium.chrome.ChromeDriver\nCapabilities {acceptInsecureCerts: false, browserName: chrome, browserVersion: 116.0.5845.97, chrome: {chromedriverVersion: 116.0.5845.96 (1a3918166880..., userDataDir: C:\\Users\\evrenak\\AppData\\Lo...}, fedcm:accounts: true, goog:chromeOptions: {debuggerAddress: localhost:61391}, javascriptEnabled: true, networkConnectionEnabled: false, pageLoadStrategy: normal, platform: WINDOWS, platformName: WINDOWS, proxy: Proxy(), setWindowRect: true, strictFileInteractability: false, timeouts: {implicit: 0, pageLoad: 300000, script: 30000}, unhandledPromptBehavior: dismiss and notify, webauthn:extension:credBlob: true, webauthn:extension:largeBlob: true, webauthn:extension:minPinLength: true, webauthn:extension:prf: true, webauthn:virtualAuthenticators: true}\nSession ID: 45a3301d410e93b46b70a0c460b2acac\n*** Element info: {Using=css selector, value=[class='m-basket-card basket-line-item '] [class='m-basket-card__title']}\r\n\tat sun.reflect.GeneratedConstructorAccessor24.newInstance(Unknown Source)\r\n\tat sun.reflect.DelegatingConstructorAccessorImpl.newInstance(DelegatingConstructorAccessorImpl.java:45)\r\n\tat java.lang.reflect.Constructor.newInstance(Constructor.java:423)\r\n\tat org.openqa.selenium.remote.http.W3CHttpResponseCodec.createException(W3CHttpResponseCodec.java:187)\r\n\tat org.openqa.selenium.remote.http.W3CHttpResponseCodec.decode(W3CHttpResponseCodec.java:122)\r\n\tat org.openqa.selenium.remote.http.W3CHttpResponseCodec.decode(W3CHttpResponseCodec.java:49)\r\n\tat org.openqa.selenium.remote.HttpCommandExecutor.execute(HttpCommandExecutor.java:158)\r\n\tat org.openqa.selenium.remote.service.DriverCommandExecutor.execute(DriverCommandExecutor.java:83)\r\n\tat org.openqa.selenium.remote.RemoteWebDriver.execute(RemoteWebDriver.java:552)\r\n\tat org.openqa.selenium.remote.RemoteWebDriver.findElement(RemoteWebDriver.java:323)\r\n\tat org.openqa.selenium.remote.RemoteWebDriver.findElementByCssSelector(RemoteWebDriver.java:420)\r\n\tat org.openqa.selenium.By$ByCssSelector.findElement(By.java:431)\r\n\tat org.openqa.selenium.remote.RemoteWebDriver.findElement(RemoteWebDriver.java:315)\r\n\tat org.openqa.selenium.support.pagefactory.DefaultElementLocator.findElement(DefaultElementLocator.java:69)\r\n\tat org.openqa.selenium.support.pagefactory.internal.LocatingElementHandler.invoke(LocatingElementHandler.java:38)\r\n\tat com.sun.proxy.$Proxy20.isDisplayed(Unknown Source)\r\n\tat org.openqa.selenium.support.ui.ExpectedConditions.elementIfVisible(ExpectedConditions.java:314)\r\n\tat org.openqa.selenium.support.ui.ExpectedConditions.access$000(ExpectedConditions.java:43)\r\n\tat org.openqa.selenium.support.ui.ExpectedConditions$10.apply(ExpectedConditions.java:300)\r\n\tat org.openqa.selenium.support.ui.ExpectedConditions$10.apply(ExpectedConditions.java:297)\r\n\tat org.openqa.selenium.support.ui.FluentWait.until(FluentWait.java:249)\r\n\t... 16 more\r\n"},"stage":"finished","description":"Test Description: Add to basket test.","steps":[{"name":"Open TurkcellPasaj Step...","status":"passed","stage":"finished","steps":[],"attachments":[],"parameters":[],"start":1692707485528,"stop":1692707489328},{"name":"Scroll down until best deals list is visible Step...","status":"passed","stage":"finished","steps":[],"attachments":[],"parameters":[],"start":1692707489337,"stop":1692707489589},{"name":"Go to first product details of best deals list Step...","status":"passed","stage":"finished","steps":[],"attachments":[],"parameters":[],"start":1692707489601,"stop":1692707491918},{"name":"Get product name Step...","status":"passed","stage":"finished","steps":[],"attachments":[],"parameters":[],"start":1692707491947,"stop":1692707492150},{"name":"Scroll down until 'add to basket' button visible Step...","status":"passed","stage":"finished","steps":[],"attachments":[],"parameters":[],"start":1692707492154,"stop":1692707492197},{"name":"Click 'add to basket' button Step...","status":"passed","stage":"finished","steps":[],"attachments":[],"parameters":[],"start":1692707492203,"stop":1692707492315},{"name":"Wait until 'SignIn/SignUp' button is clickable Step...","status":"passed","stage":"finished","steps":[],"attachments":[],"parameters":[],"start":1692707492321,"stop":1692707492581},{"name":"Click 'SignIn/SignUp' button Step...","status":"passed","stage":"finished","steps":[],"attachments":[],"parameters":[],"start":1692707492595,"stop":1692707494576},{"name":"Login Step...","status":"passed","stage":"finished","steps":[{"name":"Login Step: Enter PhoneNumber: 5348241909, for method: setPhoneNumberTextField Step...","status":"passed","stage":"finished","steps":[],"attachments":[],"parameters":[{"name":"phoneNumber","value":"5348241909"}],"start":1692707494749,"stop":1692707495905},{"name":"Login Step: Tick the Login with FastLogin password Step...","status":"passed","stage":"finished","steps":[],"attachments":[],"parameters":[],"start":1692707495912,"stop":1692707496008},{"name":"Login Step: Click login button Step...","status":"passed","stage":"finished","steps":[],"attachments":[],"parameters":[],"start":1692707496014,"stop":1692707496124},{"name":"Wait until PasswordTextField clickable Step...","status":"passed","stage":"finished","steps":[],"attachments":[],"parameters":[],"start":1692707496133,"stop":1692707497027},{"name":"Login Step: Enter password: , for method: setPasswordTextField Step...","status":"passed","stage":"finished","steps":[],"attachments":[],"parameters":[{"name":"password","value":""}],"start":1692707497033,"stop":1692707497112},{"name":"Login Step: click OK button Step...","status":"passed","stage":"finished","steps":[],"attachments":[],"parameters":[],"start":1692707497116,"stop":1692707497189}],"attachments":[],"parameters":[],"start":1692707494596,"stop":1692707497220},{"name":"Wait until 'My Basket' page is visible Step...","status":"broken","statusDetails":{"known":false,"muted":false,"flaky":false,"message":"Expected condition failed: waiting for visibility of Proxy element for: DefaultElementLocator 'By.cssSelector: [class='m-basket-card basket-line-item '] [class='m-basket-card__title']' (tried for 10 second(s) with 500 milliseconds interval)","trace":"org.openqa.selenium.TimeoutException: Expected condition failed: waiting for visibility of Proxy element for: DefaultElementLocator 'By.cssSelector: [class='m-basket-card basket-line-item '] [class='m-basket-card__title']' (tried for 10 second(s) with 500 milliseconds interval)\r\n\tat org.openqa.selenium.support.ui.WebDriverWait.timeoutException(WebDriverWait.java:95)\r\n\tat org.openqa.selenium.support.ui.FluentWait.until(FluentWait.java:272)\r\n\tat base.BasePage.isElementVisible(BasePage.java:91)\r\n\tat pages.MyBasketPage.waitUntilMyBasketPageVisible(MyBasketPage.java:32)\r\n\tat sepetim.TC002_TestFirstProductOfBestDealsList_isProductInBasketAfterLogin.testFirstProductOfBestDeals_isProductInBasketAfterLogin(TC002_TestFirstProductOfBestDealsList_isProductInBasketAfterLogin.java:40)\r\n\tat sun.reflect.NativeMethodAccessorImpl.invoke0(Native Method)\r\n\tat sun.reflect.NativeMethodAccessorImpl.invoke(NativeMethodAccessorImpl.java:62)\r\n\tat sun.reflect.DelegatingMethodAccessorImpl.invoke(DelegatingMethodAccessorImpl.java:43)\r\n\tat java.lang.reflect.Method.invoke(Method.java:498)\r\n\tat org.testng.internal.MethodInvocationHelper.invokeMethod(MethodInvocationHelper.java:124)\r\n\tat org.testng.internal.Invoker.invokeMethod(Invoker.java:583)\r\n\tat org.testng.internal.Invoker.invokeTestMethod(Invoker.java:719)\r\n\tat org.testng.internal.Invoker.invokeTestMethods(Invoker.java:989)\r\n\tat org.testng.internal.TestMethodWorker.invokeTestMethods(TestMethodWorker.java:125)\r\n\tat org.testng.internal.TestMethodWorker.run(TestMethodWorker.java:109)\r\n\tat java.util.concurrent.ThreadPoolExecutor.runWorker(ThreadPoolExecutor.java:1149)\r\n\tat java.util.concurrent.ThreadPoolExecutor$Worker.run(ThreadPoolExecutor.java:624)\r\n\tat java.lang.Thread.run(Thread.java:750)\r\nCaused by: org.openqa.selenium.NoSuchElementException: no such element: Unable to locate element: {\"method\":\"css selector\",\"selector\":\"[class='m-basket-card basket-line-item '] [class='m-basket-card__title']\"}\n  (Session info: chrome=116.0.5845.97)\nFor documentation on this error, please visit: https://www.seleniumhq.org/exceptions/no_such_element.html\nBuild info: version: '3.141.59', revision: 'e82be7d358', time: '2018-11-14T08:17:03'\nSystem info: host: 'NTS5CG0488VTN', ip: '10.22.99.207', os.name: 'Windows 10', os.arch: 'amd64', os.version: '10.0', java.version: '1.8.0_371'\nDriver info: org.openqa.selenium.chrome.ChromeDriver\nCapabilities {acceptInsecureCerts: false, browserName: chrome, browserVersion: 116.0.5845.97, chrome: {chromedriverVersion: 116.0.5845.96 (1a3918166880..., userDataDir: C:\\Users\\evrenak\\AppData\\Lo...}, fedcm:accounts: true, goog:chromeOptions: {debuggerAddress: localhost:61391}, javascriptEnabled: true, networkConnectionEnabled: false, pageLoadStrategy: normal, platform: WINDOWS, platformName: WINDOWS, proxy: Proxy(), setWindowRect: true, strictFileInteractability: false, timeouts: {implicit: 0, pageLoad: 300000, script: 30000}, unhandledPromptBehavior: dismiss and notify, webauthn:extension:credBlob: true, webauthn:extension:largeBlob: true, webauthn:extension:minPinLength: true, webauthn:extension:prf: true, webauthn:virtualAuthenticators: true}\nSession ID: 45a3301d410e93b46b70a0c460b2acac\n*** Element info: {Using=css selector, value=[class='m-basket-card basket-line-item '] [class='m-basket-card__title']}\r\n\tat sun.reflect.GeneratedConstructorAccessor24.newInstance(Unknown Source)\r\n\tat sun.reflect.DelegatingConstructorAccessorImpl.newInstance(DelegatingConstructorAccessorImpl.java:45)\r\n\tat java.lang.reflect.Constructor.newInstance(Constructor.java:423)\r\n\tat org.openqa.selenium.remote.http.W3CHttpResponseCodec.createException(W3CHttpResponseCodec.java:187)\r\n\tat org.openqa.selenium.remote.http.W3CHttpResponseCodec.decode(W3CHttpResponseCodec.java:122)\r\n\tat org.openqa.selenium.remote.http.W3CHttpResponseCodec.decode(W3CHttpResponseCodec.java:49)\r\n\tat org.openqa.selenium.remote.HttpCommandExecutor.execute(HttpCommandExecutor.java:158)\r\n\tat org.openqa.selenium.remote.service.DriverCommandExecutor.execute(DriverCommandExecutor.java:83)\r\n\tat org.openqa.selenium.remote.RemoteWebDriver.execute(RemoteWebDriver.java:552)\r\n\tat org.openqa.selenium.remote.RemoteWebDriver.findElement(RemoteWebDriver.java:323)\r\n\tat org.openqa.selenium.remote.RemoteWebDriver.findElementByCssSelector(RemoteWebDriver.java:420)\r\n\tat org.openqa.selenium.By$ByCssSelector.findElement(By.java:431)\r\n\tat org.openqa.selenium.remote.RemoteWebDriver.findElement(RemoteWebDriver.java:315)\r\n\tat org.openqa.selenium.support.pagefactory.DefaultElementLocator.findElement(DefaultElementLocator.java:69)\r\n\tat org.openqa.selenium.support.pagefactory.internal.LocatingElementHandler.invoke(LocatingElementHandler.java:38)\r\n\tat com.sun.proxy.$Proxy20.isDisplayed(Unknown Source)\r\n\tat org.openqa.selenium.support.ui.ExpectedConditions.elementIfVisible(ExpectedConditions.java:314)\r\n\tat org.openqa.selenium.support.ui.ExpectedConditions.access$000(ExpectedConditions.java:43)\r\n\tat org.openqa.selenium.support.ui.ExpectedConditions$10.apply(ExpectedConditions.java:300)\r\n\tat org.openqa.selenium.support.ui.ExpectedConditions$10.apply(ExpectedConditions.java:297)\r\n\tat org.openqa.selenium.support.ui.FluentWait.until(FluentWait.java:249)\r\n\t... 16 more\r\n"},"stage":"finished","steps":[],"attachments":[],"parameters":[],"start":1692707497240,"stop":1692707507294}],"attachments":[{"name":"Page screenshot","source":"6fd79fcd-1375-47e5-b3a9-6cefa3c12708-attachment","type":"image/png"}],"parameters":[],"start":1692707485448,"stop":1692707507538}